<?xml version="1.0" encoding="UTF-8"?>
<!-- Generated by org.testng.reporters.JUnitReportReporter -->
<testsuite hostname="DESKTOP-0TSGC6B" failures="0" tests="1" name="test.Logintest" time="6.007" errors="0" timestamp="2024-07-11T19:38:44 IST" skipped="0">
  <testcase classname="test.Logintest" name="validateLogin" time="6.007"/>
  <system-out/>
</testsuite> <!-- test.Logintest -->
