<?xml version="1.0" encoding="UTF-8"?>
<!-- Generated by org.testng.reporters.JUnitReportReporter -->
<testsuite hostname="DESKTOP-0TSGC6B" failures="0" tests="1" name="test.CheckoutOverviewtest" time="11.840" errors="0" timestamp="2024-07-11T19:38:44 IST" skipped="0">
  <testcase classname="test.CheckoutOverviewtest" name="validatecheckout" time="11.840"/>
  <system-out/>
</testsuite> <!-- test.CheckoutOverviewtest -->
